2024-05-18 17:18:42,827 - environment - INFO - [NOTIFICATION] GAME ENDED UNSUCCESSFULLY! House owner could not secure contract for item structural design after 3 rounds

2024-05-18 17:19:49,206 - environment - INFO - [NOTIFICATION] GAME ENDED UNSUCCESSFULLY! House owner could not secure contract for item structural design after 3 rounds

2024-05-18 17:23:30,637 - environment - INFO - [NOTIFICATION] GAME ENDED UNSUCCESSFULLY! House owner could not secure contract for item structural design after 3 rounds

2024-05-18 17:26:03,895 - environment - INFO - [NOTIFICATION] GAME ENDED UNSUCCESSFULLY! House owner could not secure contract for item structural design after 3 rounds

2024-05-18 17:37:21,820 - environment - INFO - [NOTIFICATION] GAME ENDED UNSUCCESSFULLY! House owner could not secure contract for item structural design after 3 rounds

2024-05-18 17:37:52,694 - environment - INFO - [NOTIFICATION] GAME ENDED UNSUCCESSFULLY! House owner could not secure contract for item structural design after 3 rounds

2024-05-18 17:38:25,910 - environment - INFO - [NOTIFICATION] GAME ENDED UNSUCCESSFULLY! House owner could not secure contract for item structural design after 3 rounds

2024-05-18 17:38:49,684 - environment - INFO - [NOTIFICATION] GAME ENDED UNSUCCESSFULLY! House owner could not secure contract for item structural design after 3 rounds

2024-05-18 17:39:03,530 - environment - INFO - [NOTIFICATION] GAME ENDED UNSUCCESSFULLY! House owner could not secure contract for item structural design after 3 rounds

2024-05-18 17:39:18,880 - environment - INFO - [NOTIFICATION] GAME ENDED UNSUCCESSFULLY! House owner could not secure contract for item structural design after 3 rounds

2024-05-18 17:43:20,521 - environment - INFO - [NOTIFICATION] Companies ['MyCompanyAgent_A', 'MyCompanyAgent_B', 'MyCompanyAgent_F'] have accepted construction item structural design at price: 5000.0
2024-05-18 17:43:20,521 - environment - INFO - [NOTIFICATION] Companies ['MyCompanyAgent_A', 'MyCompanyAgent_B', 'MyCompanyAgent_C', 'MyCompanyAgent_D', 'MyCompanyAgent_E', 'MyCompanyAgent_F'] have accepted construction item structure building at price: 10000.0
2024-05-18 17:43:20,522 - environment - INFO - [NOTIFICATION] Companies ['MyCompanyAgent_A', 'MyCompanyAgent_B', 'MyCompanyAgent_C', 'MyCompanyAgent_D', 'MyCompanyAgent_E'] have accepted construction item electrics and plumbing at price: 4000.0
2024-05-18 17:43:20,522 - environment - INFO - [NOTIFICATION] Companies ['MyCompanyAgent_C', 'MyCompanyAgent_D', 'MyCompanyAgent_E', 'MyCompanyAgent_F'] have accepted construction item interior design at price: 5000.0
2024-05-18 17:43:20,522 - environment - INFO - [NOTIFICATION] The Auction Phase has finished.
2024-05-18 17:43:47,747 - environment - INFO - [NOTIFICATION] Companies ['MyCompanyAgent_A', 'MyCompanyAgent_B', 'MyCompanyAgent_F'] have accepted construction item structural design at price: 5000.0
2024-05-18 17:43:47,748 - environment - INFO - [NOTIFICATION] Companies ['MyCompanyAgent_A', 'MyCompanyAgent_B', 'MyCompanyAgent_C', 'MyCompanyAgent_D', 'MyCompanyAgent_E', 'MyCompanyAgent_F'] have accepted construction item structure building at price: 10000.0
2024-05-18 17:43:47,748 - environment - INFO - [NOTIFICATION] Companies ['MyCompanyAgent_A', 'MyCompanyAgent_B', 'MyCompanyAgent_C', 'MyCompanyAgent_D', 'MyCompanyAgent_E'] have accepted construction item electrics and plumbing at price: 4000.0
2024-05-18 17:43:47,748 - environment - INFO - [NOTIFICATION] Companies ['MyCompanyAgent_C', 'MyCompanyAgent_D', 'MyCompanyAgent_E', 'MyCompanyAgent_F'] have accepted construction item interior design at price: 5000.0
2024-05-18 17:43:47,748 - environment - INFO - [NOTIFICATION] The Auction Phase has finished.
2024-05-18 17:45:01,205 - environment - INFO - [NOTIFICATION] GAME ENDED UNSUCCESSFULLY! House owner could not secure contract for item structural design after 3 rounds

2024-05-18 18:19:58,340 - environment - INFO - [NOTIFICATION] Companies ['MyCompanyAgent_A'] have accepted construction item structural design at price: 5000.0
2024-05-18 18:19:58,340 - environment - INFO - [NOTIFICATION] Companies ['MyCompanyAgent_B', 'MyCompanyAgent_F'] have accepted construction item structure building at price: 10000.0
2024-05-18 18:19:58,340 - environment - INFO - [NOTIFICATION] GAME ENDED UNSUCCESSFULLY! House owner could not secure contract for item electrics and plumbing after 3 rounds

2024-05-18 18:27:12,631 - environment - INFO - [NOTIFICATION] Companies ['MyCompanyAgent_A'] have accepted construction item structural design at price: 5000.0
2024-05-18 18:27:12,632 - environment - INFO - [NOTIFICATION] Companies ['MyCompanyAgent_B', 'MyCompanyAgent_F'] have accepted construction item structure building at price: 10000.0
2024-05-18 18:27:12,632 - environment - INFO - [NOTIFICATION] GAME ENDED UNSUCCESSFULLY! House owner could not secure contract for item electrics and plumbing after 3 rounds

2024-05-18 18:31:10,431 - environment - INFO - [NOTIFICATION] Companies ['MyCompanyAgent_A'] have accepted construction item structural design at price: 5000.0
2024-05-18 18:31:10,431 - environment - INFO - [NOTIFICATION] Companies ['MyCompanyAgent_B', 'MyCompanyAgent_F'] have accepted construction item structure building at price: 10000.0
2024-05-18 18:31:10,431 - environment - INFO - [NOTIFICATION] GAME ENDED UNSUCCESSFULLY! House owner could not secure contract for item electrics and plumbing after 3 rounds

2024-05-18 23:25:32,980 - environment - INFO - [NOTIFICATION] Companies ['MyCompanyAgent_A'] have accepted construction item structural design at price: 5000.0
2024-05-18 23:25:32,981 - environment - INFO - [NOTIFICATION] Companies ['MyCompanyAgent_B', 'MyCompanyAgent_F'] have accepted construction item structure building at price: 10000.0
2024-05-18 23:25:32,981 - environment - INFO - [NOTIFICATION] GAME ENDED UNSUCCESSFULLY! House owner could not secure contract for item electrics and plumbing after 3 rounds

2024-05-18 23:49:48,712 - environment - INFO - [NOTIFICATION] Companies ['MyCompanyAgent_A'] have accepted construction item structural design at price: 5000.0
2024-05-18 23:49:48,712 - environment - INFO - [NOTIFICATION] Companies ['MyCompanyAgent_B', 'MyCompanyAgent_F'] have accepted construction item structure building at price: 10000.0
2024-05-18 23:49:48,712 - environment - INFO - [NOTIFICATION] GAME ENDED UNSUCCESSFULLY! House owner could not secure contract for item electrics and plumbing after 3 rounds

2024-05-19 00:00:23,055 - environment - INFO - [NOTIFICATION] Companies ['MyCompanyAgent_A'] have accepted construction item structural design at price: 5000.0
2024-05-19 00:00:23,056 - environment - INFO - [NOTIFICATION] Companies ['MyCompanyAgent_B', 'MyCompanyAgent_F'] have accepted construction item structure building at price: 10000.0
2024-05-19 00:00:23,056 - environment - INFO - [NOTIFICATION] GAME ENDED UNSUCCESSFULLY! House owner could not secure contract for item electrics and plumbing after 3 rounds

2024-05-19 00:13:53,957 - environment - INFO - [NOTIFICATION] Companies ['MyCompanyAgent_A', 'MyCompanyAgent_B', 'MyCompanyAgent_F'] have accepted construction item structural design at price: 3500.0
2024-05-19 00:13:53,957 - environment - INFO - [NOTIFICATION] Companies ['MyCompanyAgent_A', 'MyCompanyAgent_B', 'MyCompanyAgent_C', 'MyCompanyAgent_D', 'MyCompanyAgent_F'] have accepted construction item structure building at price: 7000.0
2024-05-19 00:13:53,957 - environment - INFO - [NOTIFICATION] Companies ['MyCompanyAgent_A', 'MyCompanyAgent_B', 'MyCompanyAgent_C', 'MyCompanyAgent_D', 'MyCompanyAgent_E'] have accepted construction item electrics and plumbing at price: 2800.0
2024-05-19 00:13:53,957 - environment - INFO - [NOTIFICATION] Companies ['MyCompanyAgent_C', 'MyCompanyAgent_D', 'MyCompanyAgent_E', 'MyCompanyAgent_F'] have accepted construction item interior design at price: 3500.0
2024-05-19 00:13:53,958 - environment - INFO - [NOTIFICATION] The Auction Phase has finished.
2024-05-19 00:13:53,958 - environment - INFO - [NOTIFICATION] Construction item structural design assigned to MyCompanyAgent_B!
2024-05-19 00:13:53,958 - environment - INFO - [NOTIFICATION] GAME ENDED UNSUCCESSFULLY! Owner Agent failed to negotiate properly for construction item structure building
2024-05-19 00:14:49,252 - environment - INFO - [NOTIFICATION] Companies ['MyCompanyAgent_A', 'MyCompanyAgent_B', 'MyCompanyAgent_F'] have accepted construction item structural design at price: 3500.0
2024-05-19 00:14:49,252 - environment - INFO - [NOTIFICATION] Companies ['MyCompanyAgent_A', 'MyCompanyAgent_B', 'MyCompanyAgent_C', 'MyCompanyAgent_D', 'MyCompanyAgent_F'] have accepted construction item structure building at price: 7000.0
2024-05-19 00:14:49,253 - environment - INFO - [NOTIFICATION] Companies ['MyCompanyAgent_A', 'MyCompanyAgent_B', 'MyCompanyAgent_C', 'MyCompanyAgent_D', 'MyCompanyAgent_E'] have accepted construction item electrics and plumbing at price: 2800.0
2024-05-19 00:14:49,253 - environment - INFO - [NOTIFICATION] Companies ['MyCompanyAgent_C', 'MyCompanyAgent_D', 'MyCompanyAgent_E', 'MyCompanyAgent_F'] have accepted construction item interior design at price: 3500.0
2024-05-19 00:14:49,253 - environment - INFO - [NOTIFICATION] The Auction Phase has finished.
2024-05-19 00:14:49,253 - environment - INFO - [NOTIFICATION] Construction item structural design assigned to MyCompanyAgent_B!
2024-05-19 00:14:49,253 - environment - INFO - [NOTIFICATION] GAME ENDED UNSUCCESSFULLY! Owner Agent failed to negotiate properly for construction item structure building
2024-05-19 00:17:39,036 - environment - INFO - [NOTIFICATION] Companies ['MyCompanyAgent_A', 'MyCompanyAgent_B', 'MyCompanyAgent_F'] have accepted construction item structural design at price: 3500.0
2024-05-19 00:17:39,036 - environment - INFO - [NOTIFICATION] Companies ['MyCompanyAgent_A', 'MyCompanyAgent_B', 'MyCompanyAgent_C', 'MyCompanyAgent_D', 'MyCompanyAgent_F'] have accepted construction item structure building at price: 7000.0
2024-05-19 00:17:39,037 - environment - INFO - [NOTIFICATION] Companies ['MyCompanyAgent_A', 'MyCompanyAgent_B', 'MyCompanyAgent_C', 'MyCompanyAgent_D', 'MyCompanyAgent_E'] have accepted construction item electrics and plumbing at price: 2800.0
2024-05-19 00:17:39,037 - environment - INFO - [NOTIFICATION] Companies ['MyCompanyAgent_C', 'MyCompanyAgent_D', 'MyCompanyAgent_E', 'MyCompanyAgent_F'] have accepted construction item interior design at price: 3500.0
2024-05-19 00:17:39,037 - environment - INFO - [NOTIFICATION] The Auction Phase has finished.
2024-05-19 00:17:39,037 - environment - INFO - [NOTIFICATION] Construction item structural design assigned to MyCompanyAgent_B!
2024-05-19 00:17:39,037 - environment - INFO - [NOTIFICATION] GAME ENDED UNSUCCESSFULLY! Owner Agent failed to negotiate properly for construction item structure building
2024-05-19 00:21:45,262 - environment - INFO - [NOTIFICATION] Companies ['MyCompanyAgent_A', 'MyCompanyAgent_F'] have accepted construction item structural design at price: 4000.0
2024-05-19 00:21:45,262 - environment - INFO - [NOTIFICATION] Companies ['MyCompanyAgent_A', 'MyCompanyAgent_B', 'MyCompanyAgent_C', 'MyCompanyAgent_D', 'MyCompanyAgent_F'] have accepted construction item structure building at price: 8000.0
2024-05-19 00:21:45,262 - environment - INFO - [NOTIFICATION] Companies ['MyCompanyAgent_A', 'MyCompanyAgent_B', 'MyCompanyAgent_C', 'MyCompanyAgent_D'] have accepted construction item electrics and plumbing at price: 3200.0
2024-05-19 00:21:45,263 - environment - INFO - [NOTIFICATION] Companies ['MyCompanyAgent_C', 'MyCompanyAgent_D', 'MyCompanyAgent_E', 'MyCompanyAgent_F'] have accepted construction item interior design at price: 4000.0
2024-05-19 00:21:45,263 - environment - INFO - [NOTIFICATION] The Auction Phase has finished.
2024-05-19 00:21:45,263 - environment - INFO - [NOTIFICATION] GAME ENDED UNSUCCESSFULLY! Owner Agent failed to negotiate properly for construction item structural design
2024-05-19 13:12:24,986 - environment - INFO - [NOTIFICATION] Companies ['MyCompanyAgent_A', 'MyCompanyAgent_F'] have accepted construction item structural design at price: 4000.0
2024-05-19 13:12:24,986 - environment - INFO - [NOTIFICATION] Companies ['MyCompanyAgent_A', 'MyCompanyAgent_B', 'MyCompanyAgent_C', 'MyCompanyAgent_D', 'MyCompanyAgent_F'] have accepted construction item structure building at price: 8000.0
2024-05-19 13:12:24,987 - environment - INFO - [NOTIFICATION] Companies ['MyCompanyAgent_A', 'MyCompanyAgent_B', 'MyCompanyAgent_C', 'MyCompanyAgent_D'] have accepted construction item electrics and plumbing at price: 3200.0
2024-05-19 13:12:24,987 - environment - INFO - [NOTIFICATION] Companies ['MyCompanyAgent_C', 'MyCompanyAgent_D', 'MyCompanyAgent_E', 'MyCompanyAgent_F'] have accepted construction item interior design at price: 4000.0
2024-05-19 13:12:24,987 - environment - INFO - [NOTIFICATION] The Auction Phase has finished.
2024-05-19 13:13:04,194 - environment - INFO - [NOTIFICATION] Companies ['MyCompanyAgent_A', 'MyCompanyAgent_F'] have accepted construction item structural design at price: 4000.0
2024-05-19 13:13:04,194 - environment - INFO - [NOTIFICATION] Companies ['MyCompanyAgent_A', 'MyCompanyAgent_B', 'MyCompanyAgent_C', 'MyCompanyAgent_D', 'MyCompanyAgent_F'] have accepted construction item structure building at price: 8000.0
2024-05-19 13:13:04,194 - environment - INFO - [NOTIFICATION] Companies ['MyCompanyAgent_A', 'MyCompanyAgent_B', 'MyCompanyAgent_C', 'MyCompanyAgent_D'] have accepted construction item electrics and plumbing at price: 3200.0
2024-05-19 13:13:04,194 - environment - INFO - [NOTIFICATION] Companies ['MyCompanyAgent_C', 'MyCompanyAgent_D', 'MyCompanyAgent_E', 'MyCompanyAgent_F'] have accepted construction item interior design at price: 4000.0
2024-05-19 13:13:04,195 - environment - INFO - [NOTIFICATION] The Auction Phase has finished.
2024-05-19 13:17:05,729 - environment - INFO - [NOTIFICATION] Companies ['MyCompanyAgent_A', 'MyCompanyAgent_F'] have accepted construction item structural design at price: 4000.0
2024-05-19 13:17:05,729 - environment - INFO - [NOTIFICATION] Companies ['MyCompanyAgent_A', 'MyCompanyAgent_B', 'MyCompanyAgent_C', 'MyCompanyAgent_D', 'MyCompanyAgent_F'] have accepted construction item structure building at price: 8000.0
2024-05-19 13:17:05,730 - environment - INFO - [NOTIFICATION] Companies ['MyCompanyAgent_A', 'MyCompanyAgent_B', 'MyCompanyAgent_C', 'MyCompanyAgent_D'] have accepted construction item electrics and plumbing at price: 3200.0
2024-05-19 13:17:05,730 - environment - INFO - [NOTIFICATION] Companies ['MyCompanyAgent_C', 'MyCompanyAgent_D', 'MyCompanyAgent_E', 'MyCompanyAgent_F'] have accepted construction item interior design at price: 4000.0
2024-05-19 13:17:05,730 - environment - INFO - [NOTIFICATION] The Auction Phase has finished.
2024-05-19 13:18:24,260 - environment - INFO - [NOTIFICATION] Companies ['MyCompanyAgent_A', 'MyCompanyAgent_F'] have accepted construction item structural design at price: 4000.0
2024-05-19 13:18:24,261 - environment - INFO - [NOTIFICATION] Companies ['MyCompanyAgent_A', 'MyCompanyAgent_B', 'MyCompanyAgent_C', 'MyCompanyAgent_D', 'MyCompanyAgent_F'] have accepted construction item structure building at price: 8000.0
2024-05-19 13:18:24,261 - environment - INFO - [NOTIFICATION] Companies ['MyCompanyAgent_A', 'MyCompanyAgent_B', 'MyCompanyAgent_C', 'MyCompanyAgent_D'] have accepted construction item electrics and plumbing at price: 3200.0
2024-05-19 13:18:24,261 - environment - INFO - [NOTIFICATION] Companies ['MyCompanyAgent_C', 'MyCompanyAgent_D', 'MyCompanyAgent_E', 'MyCompanyAgent_F'] have accepted construction item interior design at price: 4000.0
2024-05-19 13:18:24,261 - environment - INFO - [NOTIFICATION] The Auction Phase has finished.
2024-05-19 13:18:55,922 - environment - INFO - [NOTIFICATION] Companies ['MyCompanyAgent_A', 'MyCompanyAgent_F'] have accepted construction item structural design at price: 4000.0
2024-05-19 13:18:55,922 - environment - INFO - [NOTIFICATION] Companies ['MyCompanyAgent_A', 'MyCompanyAgent_B', 'MyCompanyAgent_C', 'MyCompanyAgent_D', 'MyCompanyAgent_F'] have accepted construction item structure building at price: 8000.0
2024-05-19 13:18:55,923 - environment - INFO - [NOTIFICATION] Companies ['MyCompanyAgent_A', 'MyCompanyAgent_B', 'MyCompanyAgent_C', 'MyCompanyAgent_D'] have accepted construction item electrics and plumbing at price: 3200.0
2024-05-19 13:18:55,923 - environment - INFO - [NOTIFICATION] Companies ['MyCompanyAgent_C', 'MyCompanyAgent_D', 'MyCompanyAgent_E', 'MyCompanyAgent_F'] have accepted construction item interior design at price: 4000.0
2024-05-19 13:18:55,923 - environment - INFO - [NOTIFICATION] The Auction Phase has finished.
2024-05-19 13:19:43,484 - environment - INFO - [NOTIFICATION] Companies ['MyCompanyAgent_A', 'MyCompanyAgent_F'] have accepted construction item structural design at price: 4000.0
2024-05-19 13:19:43,485 - environment - INFO - [NOTIFICATION] Companies ['MyCompanyAgent_A', 'MyCompanyAgent_B', 'MyCompanyAgent_C', 'MyCompanyAgent_D', 'MyCompanyAgent_F'] have accepted construction item structure building at price: 8000.0
2024-05-19 13:19:43,485 - environment - INFO - [NOTIFICATION] Companies ['MyCompanyAgent_A', 'MyCompanyAgent_B', 'MyCompanyAgent_C', 'MyCompanyAgent_D'] have accepted construction item electrics and plumbing at price: 3200.0
2024-05-19 13:19:43,485 - environment - INFO - [NOTIFICATION] Companies ['MyCompanyAgent_C', 'MyCompanyAgent_D', 'MyCompanyAgent_E', 'MyCompanyAgent_F'] have accepted construction item interior design at price: 4000.0
2024-05-19 13:19:43,485 - environment - INFO - [NOTIFICATION] The Auction Phase has finished.
2024-05-19 13:28:07,506 - environment - INFO - [NOTIFICATION] Companies ['MyCompanyAgent_A', 'MyCompanyAgent_F'] have accepted construction item structural design at price: 4000.0
2024-05-19 13:28:07,506 - environment - INFO - [NOTIFICATION] Companies ['MyCompanyAgent_A', 'MyCompanyAgent_B', 'MyCompanyAgent_C', 'MyCompanyAgent_D', 'MyCompanyAgent_F'] have accepted construction item structure building at price: 8000.0
2024-05-19 13:28:07,506 - environment - INFO - [NOTIFICATION] Companies ['MyCompanyAgent_A', 'MyCompanyAgent_B', 'MyCompanyAgent_C', 'MyCompanyAgent_D'] have accepted construction item electrics and plumbing at price: 3200.0
2024-05-19 13:28:07,506 - environment - INFO - [NOTIFICATION] Companies ['MyCompanyAgent_C', 'MyCompanyAgent_D', 'MyCompanyAgent_E', 'MyCompanyAgent_F'] have accepted construction item interior design at price: 4000.0
2024-05-19 13:28:07,507 - environment - INFO - [NOTIFICATION] The Auction Phase has finished.
2024-05-19 13:33:40,415 - environment - INFO - [NOTIFICATION] Companies ['MyCompanyAgent_B'] have accepted construction item structural design at price: 4000.0
2024-05-19 13:33:40,415 - environment - INFO - [NOTIFICATION] Companies ['MyCompanyAgent_E'] have accepted construction item structure building at price: 8000.0
2024-05-19 13:33:40,416 - environment - INFO - [NOTIFICATION] Companies ['MyCompanyAgent_E'] have accepted construction item electrics and plumbing at price: 3200.0
2024-05-19 13:33:40,416 - environment - INFO - [NOTIFICATION] Companies ['MyCompanyAgent_F'] have accepted construction item interior design at price: 4500.0
2024-05-19 13:33:40,416 - environment - INFO - [NOTIFICATION] The Auction Phase has finished.
2024-05-19 13:35:23,874 - environment - INFO - [NOTIFICATION] Companies ['MyCompanyAgent_B'] have accepted construction item structural design at price: 4000.0
2024-05-19 13:35:23,875 - environment - INFO - [NOTIFICATION] Companies ['MyCompanyAgent_E'] have accepted construction item structure building at price: 8000.0
2024-05-19 13:35:23,875 - environment - INFO - [NOTIFICATION] Companies ['MyCompanyAgent_E'] have accepted construction item electrics and plumbing at price: 3200.0
2024-05-19 13:35:23,875 - environment - INFO - [NOTIFICATION] Companies ['MyCompanyAgent_F'] have accepted construction item interior design at price: 4500.0
2024-05-19 13:35:23,875 - environment - INFO - [NOTIFICATION] The Auction Phase has finished.
2024-05-19 13:36:15,038 - environment - INFO - [NOTIFICATION] Companies ['MyCompanyAgent_B'] have accepted construction item structural design at price: 4000.0
2024-05-19 13:36:15,038 - environment - INFO - [NOTIFICATION] Companies ['MyCompanyAgent_E'] have accepted construction item structure building at price: 8000.0
2024-05-19 13:36:15,039 - environment - INFO - [NOTIFICATION] Companies ['MyCompanyAgent_E'] have accepted construction item electrics and plumbing at price: 3200.0
2024-05-19 13:36:15,039 - environment - INFO - [NOTIFICATION] Companies ['MyCompanyAgent_F'] have accepted construction item interior design at price: 4500.0
2024-05-19 13:36:15,039 - environment - INFO - [NOTIFICATION] The Auction Phase has finished.
2024-05-19 13:36:15,039 - environment - INFO - [NOTIFICATION] Construction item structural design assigned to MyCompanyAgent_B!
2024-05-19 13:36:15,039 - environment - INFO - [NOTIFICATION] Construction item structure building assigned to MyCompanyAgent_E!
2024-05-19 13:36:15,039 - environment - INFO - [NOTIFICATION] Construction item electrics and plumbing assigned to MyCompanyAgent_E!
2024-05-19 13:46:13,037 - environment - INFO - [NOTIFICATION] Companies ['MyCompanyAgent_B'] have accepted construction item structural design at price: 4000.0
2024-05-19 13:46:13,038 - environment - INFO - [NOTIFICATION] Companies ['MyCompanyAgent_E'] have accepted construction item structure building at price: 8000.0
2024-05-19 13:46:13,038 - environment - INFO - [NOTIFICATION] Companies ['MyCompanyAgent_E'] have accepted construction item electrics and plumbing at price: 3200.0
2024-05-19 13:46:13,038 - environment - INFO - [NOTIFICATION] Companies ['MyCompanyAgent_F'] have accepted construction item interior design at price: 4500.0
2024-05-19 13:46:13,038 - environment - INFO - [NOTIFICATION] The Auction Phase has finished.
2024-05-19 13:46:13,039 - environment - INFO - [NOTIFICATION] Construction item structural design assigned to MyCompanyAgent_B!
2024-05-19 13:46:13,039 - environment - INFO - [NOTIFICATION] Construction item structure building assigned to MyCompanyAgent_E!
2024-05-19 13:46:13,039 - environment - INFO - [NOTIFICATION] Construction item electrics and plumbing assigned to MyCompanyAgent_E!
2024-05-20 10:56:40,872 - environment - INFO - [NOTIFICATION] Companies ['MyCompanyAgent_B'] have accepted construction item structural design at price: 4000.0
2024-05-20 10:56:40,873 - environment - INFO - [NOTIFICATION] Companies ['MyCompanyAgent_E'] have accepted construction item structure building at price: 8000.0
2024-05-20 10:56:40,873 - environment - INFO - [NOTIFICATION] Companies ['MyCompanyAgent_E'] have accepted construction item electrics and plumbing at price: 3200.0
2024-05-20 10:56:40,873 - environment - INFO - [NOTIFICATION] Companies ['MyCompanyAgent_F'] have accepted construction item interior design at price: 4500.0
2024-05-20 10:56:40,873 - environment - INFO - [NOTIFICATION] The Auction Phase has finished.
2024-05-20 10:56:40,873 - environment - INFO - [NOTIFICATION] Construction item structural design assigned to MyCompanyAgent_B!
2024-05-20 10:56:40,874 - environment - INFO - [NOTIFICATION] Construction item structure building assigned to MyCompanyAgent_E!
2024-05-20 10:56:40,874 - environment - INFO - [NOTIFICATION] Construction item electrics and plumbing assigned to MyCompanyAgent_E!
2024-05-20 10:58:25,780 - environment - INFO - [NOTIFICATION] Companies ['MyCompanyAgent_B'] have accepted construction item structural design at price: 4000.0
2024-05-20 10:58:25,780 - environment - INFO - [NOTIFICATION] Companies ['MyCompanyAgent_E'] have accepted construction item structure building at price: 8000.0
2024-05-20 10:58:25,781 - environment - INFO - [NOTIFICATION] Companies ['MyCompanyAgent_E'] have accepted construction item electrics and plumbing at price: 3200.0
2024-05-20 10:58:25,781 - environment - INFO - [NOTIFICATION] Companies ['MyCompanyAgent_F'] have accepted construction item interior design at price: 4500.0
2024-05-20 10:58:25,781 - environment - INFO - [NOTIFICATION] The Auction Phase has finished.
2024-05-20 10:58:25,781 - environment - INFO - [NOTIFICATION] Construction item structural design assigned to MyCompanyAgent_B!
2024-05-20 10:58:25,781 - environment - INFO - [NOTIFICATION] Construction item structure building assigned to MyCompanyAgent_E!
2024-05-20 10:58:25,781 - environment - INFO - [NOTIFICATION] Construction item electrics and plumbing assigned to MyCompanyAgent_E!
2024-05-20 11:03:29,065 - environment - INFO - [NOTIFICATION] Companies ['MyCompanyAgent_B'] have accepted construction item structural design at price: 4000.0
2024-05-20 11:03:29,065 - environment - INFO - [NOTIFICATION] Companies ['MyCompanyAgent_E'] have accepted construction item structure building at price: 8000.0
2024-05-20 11:03:29,065 - environment - INFO - [NOTIFICATION] Companies ['MyCompanyAgent_E'] have accepted construction item electrics and plumbing at price: 3200.0
2024-05-20 11:04:47,174 - environment - INFO - [NOTIFICATION] Companies ['MyCompanyAgent_B'] have accepted construction item structural design at price: 4000.0
2024-05-20 11:04:47,175 - environment - INFO - [NOTIFICATION] Companies ['MyCompanyAgent_E'] have accepted construction item structure building at price: 8000.0
2024-05-20 11:04:47,175 - environment - INFO - [NOTIFICATION] Companies ['MyCompanyAgent_E'] have accepted construction item electrics and plumbing at price: 3200.0
2024-05-20 11:04:47,175 - environment - INFO - [NOTIFICATION] Companies ['MyCompanyAgent_F'] have accepted construction item interior design at price: 4500.0
2024-05-20 11:04:47,176 - environment - INFO - [NOTIFICATION] The Auction Phase has finished.
2024-05-20 11:04:47,176 - environment - INFO - [NOTIFICATION] Construction item structural design assigned to MyCompanyAgent_B!
2024-05-20 11:04:47,176 - environment - INFO - [NOTIFICATION] Construction item structure building assigned to MyCompanyAgent_E!
2024-05-20 11:04:47,176 - environment - INFO - [NOTIFICATION] Construction item electrics and plumbing assigned to MyCompanyAgent_E!
2024-05-20 11:41:44,099 - environment - INFO - [NOTIFICATION] Companies ['MyCompanyAgent_B'] have accepted construction item structural design at price: 4000.0
2024-05-20 11:41:44,099 - environment - INFO - [NOTIFICATION] Companies ['MyCompanyAgent_E'] have accepted construction item structure building at price: 8000.0
2024-05-20 11:41:44,099 - environment - INFO - [NOTIFICATION] Companies ['MyCompanyAgent_E'] have accepted construction item electrics and plumbing at price: 3200.0
2024-05-20 11:41:44,099 - environment - INFO - [NOTIFICATION] Companies ['MyCompanyAgent_F'] have accepted construction item interior design at price: 4500.0
2024-05-20 11:41:44,100 - environment - INFO - [NOTIFICATION] The Auction Phase has finished.
2024-05-20 11:41:44,100 - environment - INFO - [NOTIFICATION] Construction item structural design assigned to MyCompanyAgent_B!
2024-05-20 11:41:44,100 - environment - INFO - [NOTIFICATION] Construction item structure building assigned to MyCompanyAgent_E!
2024-05-20 11:41:44,100 - environment - INFO - [NOTIFICATION] Construction item electrics and plumbing assigned to MyCompanyAgent_E!
2024-05-20 11:41:44,100 - environment - INFO - [NOTIFICATION] Construction item interior design assigned to MyCompanyAgent_F!
2024-05-20 11:48:36,664 - environment - INFO - [NOTIFICATION] Companies ['MyCompanyAgent_B'] have accepted construction item structural design at price: 4000.0
2024-05-20 11:48:36,664 - environment - INFO - [NOTIFICATION] Companies ['MyCompanyAgent_E'] have accepted construction item structure building at price: 8000.0
2024-05-20 11:48:36,665 - environment - INFO - [NOTIFICATION] Companies ['MyCompanyAgent_E'] have accepted construction item electrics and plumbing at price: 3200.0
2024-05-20 11:48:36,665 - environment - INFO - [NOTIFICATION] Companies ['MyCompanyAgent_F'] have accepted construction item interior design at price: 4500.0
2024-05-20 11:48:36,665 - environment - INFO - [NOTIFICATION] The Auction Phase has finished.
2024-05-20 11:48:36,665 - environment - INFO - [NOTIFICATION] Construction item structural design assigned to MyCompanyAgent_B!
2024-05-20 11:48:36,665 - environment - INFO - [NOTIFICATION] Construction item structure building assigned to MyCompanyAgent_E!
2024-05-20 11:48:36,666 - environment - INFO - [NOTIFICATION] Construction item electrics and plumbing assigned to MyCompanyAgent_E!
2024-05-20 11:48:36,666 - environment - INFO - [NOTIFICATION] Construction item interior design assigned to MyCompanyAgent_F!
2024-05-20 11:49:46,295 - environment - INFO - [NOTIFICATION] Companies ['MyCompanyAgent_B', 'MyCompanyAgent_F'] have accepted construction item structural design at price: 4500.0
2024-05-20 11:49:46,295 - environment - INFO - [NOTIFICATION] Companies ['MyCompanyAgent_A', 'MyCompanyAgent_E'] have accepted construction item structure building at price: 8000.0
2024-05-20 11:49:46,295 - environment - INFO - [NOTIFICATION] Companies ['MyCompanyAgent_D'] have accepted construction item electrics and plumbing at price: 3200.0
2024-05-20 11:49:46,295 - environment - INFO - [NOTIFICATION] Companies ['MyCompanyAgent_C'] have accepted construction item interior design at price: 4000.0
2024-05-20 11:49:46,295 - environment - INFO - [NOTIFICATION] The Auction Phase has finished.
2024-05-20 11:49:46,296 - environment - INFO - [NOTIFICATION] Construction item structural design assigned to MyCompanyAgent_B!
2024-05-20 11:49:46,296 - environment - INFO - [NOTIFICATION] Construction item structure building assigned to MyCompanyAgent_A!
2024-05-20 11:49:46,296 - environment - INFO - [NOTIFICATION] Construction item electrics and plumbing assigned to MyCompanyAgent_D!
2024-05-20 11:49:46,296 - environment - INFO - [NOTIFICATION] Construction item interior design assigned to MyCompanyAgent_C!
2024-05-20 11:55:02,237 - environment - INFO - [NOTIFICATION] Companies ['MyCompanyAgent_B', 'MyCompanyAgent_F'] have accepted construction item structural design at price: 4500.0
2024-05-20 11:55:02,237 - environment - INFO - [NOTIFICATION] Companies ['MyCompanyAgent_A', 'MyCompanyAgent_E'] have accepted construction item structure building at price: 8000.0
2024-05-20 11:55:02,237 - environment - INFO - [NOTIFICATION] Companies ['MyCompanyAgent_D'] have accepted construction item electrics and plumbing at price: 3200.0
2024-05-20 11:55:02,238 - environment - INFO - [NOTIFICATION] Companies ['MyCompanyAgent_C'] have accepted construction item interior design at price: 4000.0
2024-05-20 11:55:02,238 - environment - INFO - [NOTIFICATION] The Auction Phase has finished.
2024-05-20 11:55:02,238 - environment - INFO - [NOTIFICATION] Construction item structural design assigned to MyCompanyAgent_B!
2024-05-20 11:55:02,238 - environment - INFO - [NOTIFICATION] Construction item structure building assigned to MyCompanyAgent_A!
2024-05-20 11:55:02,238 - environment - INFO - [NOTIFICATION] Construction item electrics and plumbing assigned to MyCompanyAgent_D!
2024-05-20 11:55:02,238 - environment - INFO - [NOTIFICATION] Construction item interior design assigned to MyCompanyAgent_C!
2024-05-20 11:56:42,104 - environment - INFO - [NOTIFICATION] Companies ['MyCompanyAgent_B', 'MyCompanyAgent_F'] have accepted construction item structural design at price: 4500.0
2024-05-20 11:56:42,104 - environment - INFO - [NOTIFICATION] Companies ['MyCompanyAgent_A', 'MyCompanyAgent_E'] have accepted construction item structure building at price: 8000.0
2024-05-20 11:56:42,104 - environment - INFO - [NOTIFICATION] Companies ['MyCompanyAgent_D'] have accepted construction item electrics and plumbing at price: 3200.0
2024-05-20 11:56:42,104 - environment - INFO - [NOTIFICATION] Companies ['MyCompanyAgent_C'] have accepted construction item interior design at price: 4000.0
2024-05-20 11:56:42,104 - environment - INFO - [NOTIFICATION] The Auction Phase has finished.
2024-05-20 11:56:42,104 - environment - INFO - [NOTIFICATION] Construction item structural design assigned to MyCompanyAgent_B!
2024-05-20 11:56:42,105 - environment - INFO - [NOTIFICATION] Construction item structure building assigned to MyCompanyAgent_A!
2024-05-20 11:56:42,105 - environment - INFO - [NOTIFICATION] Construction item electrics and plumbing assigned to MyCompanyAgent_D!
2024-05-20 11:56:42,105 - environment - INFO - [NOTIFICATION] Construction item interior design assigned to MyCompanyAgent_C!
2024-05-20 11:57:35,425 - environment - INFO - [NOTIFICATION] Companies ['MyCompanyAgent_B', 'MyCompanyAgent_F'] have accepted construction item structural design at price: 4500.0
2024-05-20 11:57:35,425 - environment - INFO - [NOTIFICATION] Companies ['MyCompanyAgent_A', 'MyCompanyAgent_E'] have accepted construction item structure building at price: 8000.0
2024-05-20 11:57:35,426 - environment - INFO - [NOTIFICATION] Companies ['MyCompanyAgent_D'] have accepted construction item electrics and plumbing at price: 3200.0
2024-05-20 11:57:35,426 - environment - INFO - [NOTIFICATION] Companies ['MyCompanyAgent_C'] have accepted construction item interior design at price: 4000.0
2024-05-20 11:57:35,426 - environment - INFO - [NOTIFICATION] The Auction Phase has finished.
2024-05-20 11:57:35,426 - environment - INFO - [NOTIFICATION] Construction item structural design assigned to MyCompanyAgent_B!
2024-05-20 11:57:35,426 - environment - INFO - [NOTIFICATION] Construction item structure building assigned to MyCompanyAgent_A!
2024-05-20 11:57:35,426 - environment - INFO - [NOTIFICATION] Construction item electrics and plumbing assigned to MyCompanyAgent_D!
2024-05-20 11:57:35,427 - environment - INFO - [NOTIFICATION] Construction item interior design assigned to MyCompanyAgent_C!
2024-05-20 11:58:20,899 - environment - INFO - [NOTIFICATION] Companies ['MyCompanyAgent_B', 'MyCompanyAgent_F'] have accepted construction item structural design at price: 4500.0
2024-05-20 11:58:20,899 - environment - INFO - [NOTIFICATION] Companies ['MyCompanyAgent_A', 'MyCompanyAgent_E'] have accepted construction item structure building at price: 8000.0
2024-05-20 11:58:20,899 - environment - INFO - [NOTIFICATION] Companies ['MyCompanyAgent_D'] have accepted construction item electrics and plumbing at price: 3200.0
2024-05-20 11:58:20,899 - environment - INFO - [NOTIFICATION] Companies ['MyCompanyAgent_C'] have accepted construction item interior design at price: 4000.0
2024-05-20 11:58:20,899 - environment - INFO - [NOTIFICATION] The Auction Phase has finished.
2024-05-20 11:58:20,900 - environment - INFO - [NOTIFICATION] Construction item structural design assigned to MyCompanyAgent_B!
2024-05-20 11:58:20,900 - environment - INFO - [NOTIFICATION] Construction item structure building assigned to MyCompanyAgent_A!
2024-05-20 11:58:20,900 - environment - INFO - [NOTIFICATION] Construction item electrics and plumbing assigned to MyCompanyAgent_D!
2024-05-20 11:58:20,900 - environment - INFO - [NOTIFICATION] Construction item interior design assigned to MyCompanyAgent_C!
2024-05-20 12:01:40,837 - environment - INFO - [NOTIFICATION] Companies ['MyCompanyAgent_B', 'MyCompanyAgent_F'] have accepted construction item structural design at price: 4500.0
2024-05-20 12:01:40,837 - environment - INFO - [NOTIFICATION] Companies ['MyCompanyAgent_A', 'MyCompanyAgent_E'] have accepted construction item structure building at price: 8000.0
2024-05-20 12:01:40,837 - environment - INFO - [NOTIFICATION] Companies ['MyCompanyAgent_D'] have accepted construction item electrics and plumbing at price: 3200.0
2024-05-20 12:01:40,838 - environment - INFO - [NOTIFICATION] Companies ['MyCompanyAgent_C'] have accepted construction item interior design at price: 4000.0
2024-05-20 12:01:40,838 - environment - INFO - [NOTIFICATION] The Auction Phase has finished.
2024-05-20 12:01:40,838 - environment - INFO - [NOTIFICATION] Construction item structural design assigned to MyCompanyAgent_B!
2024-05-20 12:01:40,838 - environment - INFO - [NOTIFICATION] Construction item structure building assigned to MyCompanyAgent_A!
2024-05-20 12:01:40,838 - environment - INFO - [NOTIFICATION] Construction item electrics and plumbing assigned to MyCompanyAgent_D!
2024-05-20 12:01:40,838 - environment - INFO - [NOTIFICATION] Construction item interior design assigned to MyCompanyAgent_C!
2024-05-20 12:03:38,671 - environment - INFO - [NOTIFICATION] Companies ['MyCompanyAgent_B', 'MyCompanyAgent_F'] have accepted construction item structural design at price: 4500.0
2024-05-20 12:03:38,671 - environment - INFO - [NOTIFICATION] Companies ['MyCompanyAgent_A', 'MyCompanyAgent_E'] have accepted construction item structure building at price: 8000.0
2024-05-20 12:03:38,671 - environment - INFO - [NOTIFICATION] Companies ['MyCompanyAgent_D'] have accepted construction item electrics and plumbing at price: 3200.0
2024-05-20 12:03:38,671 - environment - INFO - [NOTIFICATION] Companies ['MyCompanyAgent_C'] have accepted construction item interior design at price: 4000.0
2024-05-20 12:03:38,671 - environment - INFO - [NOTIFICATION] The Auction Phase has finished.
2024-05-20 12:03:38,671 - environment - INFO - [NOTIFICATION] Construction item structural design assigned to MyCompanyAgent_B!
2024-05-20 12:03:38,672 - environment - INFO - [NOTIFICATION] Construction item structure building assigned to MyCompanyAgent_A!
2024-05-20 12:03:38,672 - environment - INFO - [NOTIFICATION] Construction item electrics and plumbing assigned to MyCompanyAgent_D!
2024-05-20 12:03:38,672 - environment - INFO - [NOTIFICATION] Construction item interior design assigned to MyCompanyAgent_C!
2024-05-20 12:09:00,998 - environment - INFO - [NOTIFICATION] Companies ['MyCompanyAgent_B', 'MyCompanyAgent_F'] have accepted construction item structural design at price: 4500.0
2024-05-20 12:09:00,999 - environment - INFO - [NOTIFICATION] Companies ['MyCompanyAgent_A', 'MyCompanyAgent_E'] have accepted construction item structure building at price: 8000.0
2024-05-20 12:09:00,999 - environment - INFO - [NOTIFICATION] Companies ['MyCompanyAgent_D'] have accepted construction item electrics and plumbing at price: 3200.0
2024-05-20 12:09:00,999 - environment - INFO - [NOTIFICATION] Companies ['MyCompanyAgent_C'] have accepted construction item interior design at price: 4000.0
2024-05-20 12:09:00,999 - environment - INFO - [NOTIFICATION] The Auction Phase has finished.
2024-05-20 12:09:00,999 - environment - INFO - [NOTIFICATION] Construction item structural design assigned to MyCompanyAgent_B!
2024-05-20 12:09:00,999 - environment - INFO - [NOTIFICATION] Construction item structure building assigned to MyCompanyAgent_A!
2024-05-20 12:09:01,000 - environment - INFO - [NOTIFICATION] Construction item electrics and plumbing assigned to MyCompanyAgent_D!
2024-05-20 12:09:01,000 - environment - INFO - [NOTIFICATION] Construction item interior design assigned to MyCompanyAgent_C!
2024-05-20 12:10:07,576 - environment - INFO - [NOTIFICATION] Companies ['MyCompanyAgent_B', 'MyCompanyAgent_F'] have accepted construction item structural design at price: 4500.0
2024-05-20 12:10:07,576 - environment - INFO - [NOTIFICATION] Companies ['MyCompanyAgent_A', 'MyCompanyAgent_E'] have accepted construction item structure building at price: 8000.0
2024-05-20 12:10:07,576 - environment - INFO - [NOTIFICATION] Companies ['MyCompanyAgent_D'] have accepted construction item electrics and plumbing at price: 3200.0
2024-05-20 12:10:07,577 - environment - INFO - [NOTIFICATION] Companies ['MyCompanyAgent_C'] have accepted construction item interior design at price: 4000.0
2024-05-20 12:10:07,577 - environment - INFO - [NOTIFICATION] The Auction Phase has finished.
2024-05-20 12:10:07,577 - environment - INFO - [NOTIFICATION] Construction item structural design assigned to MyCompanyAgent_B!
2024-05-20 12:10:07,577 - environment - INFO - [NOTIFICATION] Construction item structure building assigned to MyCompanyAgent_A!
2024-05-20 12:10:07,577 - environment - INFO - [NOTIFICATION] Construction item electrics and plumbing assigned to MyCompanyAgent_D!
2024-05-20 12:10:07,577 - environment - INFO - [NOTIFICATION] Construction item interior design assigned to MyCompanyAgent_C!
2024-05-20 12:11:14,741 - environment - INFO - [NOTIFICATION] Companies ['MyCompanyAgent_B', 'MyCompanyAgent_F'] have accepted construction item structural design at price: 4500.0
2024-05-20 12:11:14,742 - environment - INFO - [NOTIFICATION] Companies ['MyCompanyAgent_A', 'MyCompanyAgent_E'] have accepted construction item structure building at price: 8000.0
2024-05-20 12:11:14,742 - environment - INFO - [NOTIFICATION] Companies ['MyCompanyAgent_D'] have accepted construction item electrics and plumbing at price: 3200.0
2024-05-20 12:11:14,742 - environment - INFO - [NOTIFICATION] Companies ['MyCompanyAgent_C'] have accepted construction item interior design at price: 4000.0
2024-05-20 12:11:14,742 - environment - INFO - [NOTIFICATION] The Auction Phase has finished.
2024-05-20 12:11:14,742 - environment - INFO - [NOTIFICATION] Construction item structural design assigned to MyCompanyAgent_B!
2024-05-20 12:11:14,743 - environment - INFO - [NOTIFICATION] Construction item structure building assigned to MyCompanyAgent_A!
2024-05-20 12:11:14,743 - environment - INFO - [NOTIFICATION] Construction item electrics and plumbing assigned to MyCompanyAgent_D!
2024-05-20 12:11:14,743 - environment - INFO - [NOTIFICATION] Construction item interior design assigned to MyCompanyAgent_C!
2024-05-20 19:41:06,099 - environment - INFO - [NOTIFICATION] Companies ['MyCompanyAgent_B', 'MyCompanyAgent_F'] have accepted construction item structural design at price: 4000.0
2024-05-20 19:41:06,100 - environment - INFO - [NOTIFICATION] Companies ['MyCompanyAgent_A', 'MyCompanyAgent_B', 'MyCompanyAgent_E'] have accepted construction item structure building at price: 8000.0
2024-05-20 19:41:06,100 - environment - INFO - [NOTIFICATION] Companies ['MyCompanyAgent_D'] have accepted construction item electrics and plumbing at price: 3200.0
2024-05-20 19:41:06,100 - environment - INFO - [NOTIFICATION] Companies ['MyCompanyAgent_C', 'MyCompanyAgent_F'] have accepted construction item interior design at price: 4000.0
2024-05-20 19:41:06,100 - environment - INFO - [NOTIFICATION] The Auction Phase has finished.
2024-05-20 19:41:06,101 - environment - INFO - [NOTIFICATION] GAME ENDED UNSUCCESSFULLY! Owner Agent failed to negotiate properly for construction item structural design
2024-05-20 19:41:29,988 - environment - INFO - [NOTIFICATION] Companies ['MyCompanyAgent_B', 'MyCompanyAgent_F'] have accepted construction item structural design at price: 4000.0
2024-05-20 19:41:29,988 - environment - INFO - [NOTIFICATION] Companies ['MyCompanyAgent_A', 'MyCompanyAgent_B', 'MyCompanyAgent_E'] have accepted construction item structure building at price: 8000.0
2024-05-20 19:41:29,989 - environment - INFO - [NOTIFICATION] Companies ['MyCompanyAgent_D'] have accepted construction item electrics and plumbing at price: 3200.0
2024-05-20 19:41:29,989 - environment - INFO - [NOTIFICATION] Companies ['MyCompanyAgent_C', 'MyCompanyAgent_F'] have accepted construction item interior design at price: 4000.0
2024-05-20 19:41:29,989 - environment - INFO - [NOTIFICATION] The Auction Phase has finished.
2024-05-20 19:41:29,989 - environment - INFO - [NOTIFICATION] GAME ENDED UNSUCCESSFULLY! Owner Agent failed to negotiate properly for construction item structural design
2024-05-20 19:57:48,008 - environment - INFO - [NOTIFICATION] Companies ['MyCompanyAgent_B', 'MyCompanyAgent_F'] have accepted construction item structural design at price: 4000.0
2024-05-20 19:57:48,008 - environment - INFO - [NOTIFICATION] Companies ['MyCompanyAgent_A', 'MyCompanyAgent_B', 'MyCompanyAgent_E'] have accepted construction item structure building at price: 8000.0
2024-05-20 19:57:48,008 - environment - INFO - [NOTIFICATION] Companies ['MyCompanyAgent_D'] have accepted construction item electrics and plumbing at price: 3200.0
2024-05-20 19:57:48,009 - environment - INFO - [NOTIFICATION] Companies ['MyCompanyAgent_C', 'MyCompanyAgent_F'] have accepted construction item interior design at price: 4000.0
2024-05-20 19:57:48,009 - environment - INFO - [NOTIFICATION] The Auction Phase has finished.
2024-05-20 19:57:48,009 - environment - INFO - [NOTIFICATION] Construction item structural design assigned to MyCompanyAgent_B!
2024-05-20 19:57:48,009 - environment - INFO - [NOTIFICATION] Construction item structure building assigned to MyCompanyAgent_A!
2024-05-20 19:57:48,010 - environment - INFO - [NOTIFICATION] Construction item electrics and plumbing assigned to MyCompanyAgent_D!
2024-05-20 19:57:48,010 - environment - INFO - [NOTIFICATION] Construction item interior design assigned to MyCompanyAgent_C!
2024-05-20 19:58:30,341 - environment - INFO - [NOTIFICATION] Companies ['MyCompanyAgent_B', 'MyCompanyAgent_F'] have accepted construction item structural design at price: 4000.0
2024-05-20 19:58:30,341 - environment - INFO - [NOTIFICATION] Companies ['MyCompanyAgent_A', 'MyCompanyAgent_B', 'MyCompanyAgent_E'] have accepted construction item structure building at price: 8000.0
2024-05-20 19:58:30,341 - environment - INFO - [NOTIFICATION] Companies ['MyCompanyAgent_D'] have accepted construction item electrics and plumbing at price: 3200.0
2024-05-20 19:58:30,341 - environment - INFO - [NOTIFICATION] Companies ['MyCompanyAgent_C', 'MyCompanyAgent_F'] have accepted construction item interior design at price: 4000.0
2024-05-20 19:58:30,342 - environment - INFO - [NOTIFICATION] The Auction Phase has finished.
2024-05-20 19:58:30,342 - environment - INFO - [NOTIFICATION] Construction item structural design assigned to MyCompanyAgent_B!
2024-05-20 19:58:30,342 - environment - INFO - [NOTIFICATION] Construction item structure building assigned to MyCompanyAgent_A!
2024-05-20 19:58:30,343 - environment - INFO - [NOTIFICATION] Construction item electrics and plumbing assigned to MyCompanyAgent_D!
2024-05-20 19:58:30,343 - environment - INFO - [NOTIFICATION] Construction item interior design assigned to MyCompanyAgent_C!
2024-05-20 20:02:36,813 - environment - INFO - [NOTIFICATION] Companies ['MyCompanyAgent_B', 'MyCompanyAgent_F'] have accepted construction item structural design at price: 4000.0
2024-05-20 20:02:36,813 - environment - INFO - [NOTIFICATION] Companies ['MyCompanyAgent_A', 'MyCompanyAgent_B', 'MyCompanyAgent_E'] have accepted construction item structure building at price: 8000.0
2024-05-20 20:02:36,814 - environment - INFO - [NOTIFICATION] Companies ['MyCompanyAgent_D'] have accepted construction item electrics and plumbing at price: 3200.0
2024-05-20 20:02:36,814 - environment - INFO - [NOTIFICATION] Companies ['MyCompanyAgent_C', 'MyCompanyAgent_F'] have accepted construction item interior design at price: 4000.0
2024-05-20 20:02:36,814 - environment - INFO - [NOTIFICATION] The Auction Phase has finished.
2024-05-20 20:02:36,815 - environment - INFO - [NOTIFICATION] Construction item structural design assigned to MyCompanyAgent_B!
2024-05-20 20:02:36,816 - environment - INFO - [NOTIFICATION] Construction item structure building assigned to MyCompanyAgent_A!
2024-05-20 20:02:36,816 - environment - INFO - [NOTIFICATION] Construction item electrics and plumbing assigned to MyCompanyAgent_D!
2024-05-20 20:02:36,817 - environment - INFO - [NOTIFICATION] Construction item interior design assigned to MyCompanyAgent_C!
2024-05-20 20:12:56,312 - environment - INFO - [NOTIFICATION] Companies ['MyCompanyAgent_B', 'MyCompanyAgent_F'] have accepted construction item structural design at price: 4000.0
2024-05-20 20:12:56,313 - environment - INFO - [NOTIFICATION] Companies ['MyCompanyAgent_A', 'MyCompanyAgent_B', 'MyCompanyAgent_E'] have accepted construction item structure building at price: 8000.0
2024-05-20 20:12:56,313 - environment - INFO - [NOTIFICATION] Companies ['MyCompanyAgent_D'] have accepted construction item electrics and plumbing at price: 3200.0
2024-05-20 20:12:56,313 - environment - INFO - [NOTIFICATION] Companies ['MyCompanyAgent_C', 'MyCompanyAgent_F'] have accepted construction item interior design at price: 4000.0
2024-05-20 20:12:56,314 - environment - INFO - [NOTIFICATION] The Auction Phase has finished.
2024-05-20 20:12:56,314 - environment - INFO - [NOTIFICATION] Construction item structural design assigned to MyCompanyAgent_B!
2024-05-20 20:12:56,315 - environment - INFO - [NOTIFICATION] Construction item structure building assigned to MyCompanyAgent_A!
2024-05-20 20:12:56,315 - environment - INFO - [NOTIFICATION] Construction item electrics and plumbing assigned to MyCompanyAgent_D!
2024-05-20 20:12:56,316 - environment - INFO - [NOTIFICATION] Construction item interior design assigned to MyCompanyAgent_C!
2024-05-20 20:13:47,323 - environment - INFO - [NOTIFICATION] Companies ['MyCompanyAgent_B', 'MyCompanyAgent_F'] have accepted construction item structural design at price: 4000.0
2024-05-20 20:13:47,324 - environment - INFO - [NOTIFICATION] Companies ['MyCompanyAgent_A', 'MyCompanyAgent_B', 'MyCompanyAgent_E'] have accepted construction item structure building at price: 8000.0
2024-05-20 20:13:47,324 - environment - INFO - [NOTIFICATION] Companies ['MyCompanyAgent_D'] have accepted construction item electrics and plumbing at price: 3200.0
2024-05-20 20:13:47,324 - environment - INFO - [NOTIFICATION] Companies ['MyCompanyAgent_C', 'MyCompanyAgent_F'] have accepted construction item interior design at price: 4000.0
2024-05-20 20:13:47,325 - environment - INFO - [NOTIFICATION] The Auction Phase has finished.
2024-05-20 20:13:47,325 - environment - INFO - [NOTIFICATION] Construction item structural design assigned to MyCompanyAgent_B!
2024-05-20 20:13:47,326 - environment - INFO - [NOTIFICATION] Construction item structure building assigned to MyCompanyAgent_A!
2024-05-20 20:13:47,326 - environment - INFO - [NOTIFICATION] Construction item electrics and plumbing assigned to MyCompanyAgent_D!
2024-05-20 20:13:47,327 - environment - INFO - [NOTIFICATION] Construction item interior design assigned to MyCompanyAgent_C!
2024-05-20 20:16:14,899 - environment - INFO - [NOTIFICATION] Companies ['MyCompanyAgent_B', 'MyCompanyAgent_F'] have accepted construction item structural design at price: 4000.0
2024-05-20 20:16:14,900 - environment - INFO - [NOTIFICATION] Companies ['MyCompanyAgent_A', 'MyCompanyAgent_B', 'MyCompanyAgent_E'] have accepted construction item structure building at price: 8000.0
2024-05-20 20:16:14,900 - environment - INFO - [NOTIFICATION] Companies ['MyCompanyAgent_D'] have accepted construction item electrics and plumbing at price: 3200.0
2024-05-20 20:16:14,901 - environment - INFO - [NOTIFICATION] Companies ['MyCompanyAgent_C', 'MyCompanyAgent_F'] have accepted construction item interior design at price: 4000.0
2024-05-20 20:16:14,901 - environment - INFO - [NOTIFICATION] The Auction Phase has finished.
2024-05-20 20:16:14,901 - environment - INFO - [NOTIFICATION] Construction item structural design assigned to MyCompanyAgent_B!
2024-05-20 20:16:14,902 - environment - INFO - [NOTIFICATION] Construction item structure building assigned to MyCompanyAgent_A!
2024-05-20 20:16:14,902 - environment - INFO - [NOTIFICATION] Construction item electrics and plumbing assigned to MyCompanyAgent_D!
2024-05-20 20:16:14,903 - environment - INFO - [NOTIFICATION] Construction item interior design assigned to MyCompanyAgent_C!
2024-05-20 20:35:15,221 - environment - INFO - [NOTIFICATION] Companies ['MyCompanyAgent_B', 'MyCompanyAgent_F'] have accepted construction item structural design at price: 4000.0
2024-05-20 20:35:15,222 - environment - INFO - [NOTIFICATION] Companies ['MyCompanyAgent_A', 'MyCompanyAgent_B', 'MyCompanyAgent_E'] have accepted construction item structure building at price: 8000.0
2024-05-20 20:35:15,222 - environment - INFO - [NOTIFICATION] Companies ['MyCompanyAgent_D'] have accepted construction item electrics and plumbing at price: 3200.0
2024-05-20 20:35:15,222 - environment - INFO - [NOTIFICATION] Companies ['MyCompanyAgent_C', 'MyCompanyAgent_F'] have accepted construction item interior design at price: 4000.0
2024-05-20 20:35:15,222 - environment - INFO - [NOTIFICATION] The Auction Phase has finished.
2024-05-20 20:35:15,222 - environment - INFO - [NOTIFICATION] Construction item structural design assigned to MyCompanyAgent_B!
2024-05-20 20:35:15,223 - environment - INFO - [NOTIFICATION] Construction item structure building assigned to MyCompanyAgent_A!
2024-05-20 20:35:15,223 - environment - INFO - [NOTIFICATION] Construction item electrics and plumbing assigned to MyCompanyAgent_D!
2024-05-20 20:36:39,071 - environment - INFO - [NOTIFICATION] Companies ['MyCompanyAgent_B', 'MyCompanyAgent_F'] have accepted construction item structural design at price: 4000.0
2024-05-20 20:36:39,072 - environment - INFO - [NOTIFICATION] Companies ['MyCompanyAgent_A', 'MyCompanyAgent_B', 'MyCompanyAgent_E'] have accepted construction item structure building at price: 8000.0
2024-05-20 20:36:39,073 - environment - INFO - [NOTIFICATION] Companies ['MyCompanyAgent_D'] have accepted construction item electrics and plumbing at price: 3200.0
2024-05-20 20:36:39,073 - environment - INFO - [NOTIFICATION] Companies ['MyCompanyAgent_C', 'MyCompanyAgent_F'] have accepted construction item interior design at price: 4000.0
2024-05-20 20:36:39,073 - environment - INFO - [NOTIFICATION] The Auction Phase has finished.
2024-05-20 20:36:39,073 - environment - INFO - [NOTIFICATION] Construction item structural design assigned to MyCompanyAgent_B!
2024-05-20 20:36:39,074 - environment - INFO - [NOTIFICATION] Construction item structure building assigned to MyCompanyAgent_A!
2024-05-20 20:36:39,074 - environment - INFO - [NOTIFICATION] Construction item electrics and plumbing assigned to MyCompanyAgent_D!
2024-05-20 20:36:39,075 - environment - INFO - [NOTIFICATION] Construction item interior design assigned to MyCompanyAgent_C!
2024-05-20 20:40:02,990 - environment - INFO - [NOTIFICATION] Companies ['MyCompanyAgent_B', 'MyCompanyAgent_F'] have accepted construction item structural design at price: 4000.0
2024-05-20 20:40:02,991 - environment - INFO - [NOTIFICATION] Companies ['MyCompanyAgent_A', 'MyCompanyAgent_B', 'MyCompanyAgent_E'] have accepted construction item structure building at price: 8000.0
2024-05-20 20:40:02,991 - environment - INFO - [NOTIFICATION] Companies ['MyCompanyAgent_D'] have accepted construction item electrics and plumbing at price: 3200.0
2024-05-20 20:40:02,991 - environment - INFO - [NOTIFICATION] Companies ['MyCompanyAgent_C', 'MyCompanyAgent_F'] have accepted construction item interior design at price: 4000.0
2024-05-20 20:40:02,991 - environment - INFO - [NOTIFICATION] The Auction Phase has finished.
2024-05-20 20:40:02,992 - environment - INFO - [NOTIFICATION] Construction item structural design assigned to MyCompanyAgent_B!
2024-05-20 20:40:02,992 - environment - INFO - [NOTIFICATION] Construction item structure building assigned to MyCompanyAgent_A!
2024-05-20 20:40:02,992 - environment - INFO - [NOTIFICATION] Construction item electrics and plumbing assigned to MyCompanyAgent_D!
2024-05-20 20:40:02,993 - environment - INFO - [NOTIFICATION] Construction item interior design assigned to MyCompanyAgent_C!
2024-05-20 20:40:59,325 - environment - INFO - [NOTIFICATION] Companies ['MyCompanyAgent_B', 'MyCompanyAgent_F'] have accepted construction item structural design at price: 4000.0
2024-05-20 20:40:59,325 - environment - INFO - [NOTIFICATION] Companies ['MyCompanyAgent_A', 'MyCompanyAgent_B', 'MyCompanyAgent_E'] have accepted construction item structure building at price: 8000.0
2024-05-20 20:40:59,325 - environment - INFO - [NOTIFICATION] Companies ['MyCompanyAgent_D'] have accepted construction item electrics and plumbing at price: 3200.0
2024-05-20 20:40:59,326 - environment - INFO - [NOTIFICATION] Companies ['MyCompanyAgent_C', 'MyCompanyAgent_F'] have accepted construction item interior design at price: 4000.0
2024-05-20 20:40:59,326 - environment - INFO - [NOTIFICATION] The Auction Phase has finished.
2024-05-20 20:40:59,326 - environment - INFO - [NOTIFICATION] GAME ENDED UNSUCCESSFULLY! Owner Agent failed to negotiate properly for construction item structural design
2024-05-20 20:41:53,846 - environment - INFO - [NOTIFICATION] Companies ['MyCompanyAgent_B', 'MyCompanyAgent_F'] have accepted construction item structural design at price: 4000.0
2024-05-20 20:41:53,847 - environment - INFO - [NOTIFICATION] Companies ['MyCompanyAgent_A', 'MyCompanyAgent_B', 'MyCompanyAgent_E'] have accepted construction item structure building at price: 8000.0
2024-05-20 20:41:53,847 - environment - INFO - [NOTIFICATION] Companies ['MyCompanyAgent_D'] have accepted construction item electrics and plumbing at price: 3200.0
2024-05-20 20:41:53,848 - environment - INFO - [NOTIFICATION] Companies ['MyCompanyAgent_C', 'MyCompanyAgent_F'] have accepted construction item interior design at price: 4000.0
2024-05-20 20:41:53,848 - environment - INFO - [NOTIFICATION] The Auction Phase has finished.
2024-05-20 20:41:53,849 - environment - INFO - [NOTIFICATION] GAME ENDED UNSUCCESSFULLY! Owner Agent failed to negotiate properly for construction item structural design
2024-05-20 20:44:21,781 - environment - INFO - [NOTIFICATION] Companies ['MyCompanyAgent_B', 'MyCompanyAgent_F'] have accepted construction item structural design at price: 4000.0
2024-05-20 20:44:21,782 - environment - INFO - [NOTIFICATION] Companies ['MyCompanyAgent_A', 'MyCompanyAgent_B', 'MyCompanyAgent_E'] have accepted construction item structure building at price: 8000.0
2024-05-20 20:44:21,783 - environment - INFO - [NOTIFICATION] Companies ['MyCompanyAgent_D'] have accepted construction item electrics and plumbing at price: 3200.0
2024-05-20 20:44:21,783 - environment - INFO - [NOTIFICATION] Companies ['MyCompanyAgent_C', 'MyCompanyAgent_F'] have accepted construction item interior design at price: 4000.0
2024-05-20 20:44:21,784 - environment - INFO - [NOTIFICATION] The Auction Phase has finished.
2024-05-20 20:44:21,784 - environment - INFO - [NOTIFICATION] Construction item structural design assigned to MyCompanyAgent_B!
2024-05-20 20:44:21,785 - environment - INFO - [NOTIFICATION] Construction item structure building assigned to MyCompanyAgent_A!
2024-05-20 20:44:21,786 - environment - INFO - [NOTIFICATION] Construction item electrics and plumbing assigned to MyCompanyAgent_D!
2024-05-20 20:44:21,787 - environment - INFO - [NOTIFICATION] Construction item interior design assigned to MyCompanyAgent_F!
2024-05-20 20:44:29,173 - environment - INFO - [NOTIFICATION] Companies ['MyCompanyAgent_B', 'MyCompanyAgent_F'] have accepted construction item structural design at price: 4000.0
2024-05-20 20:44:29,174 - environment - INFO - [NOTIFICATION] Companies ['MyCompanyAgent_A', 'MyCompanyAgent_B', 'MyCompanyAgent_E'] have accepted construction item structure building at price: 8000.0
2024-05-20 20:44:29,175 - environment - INFO - [NOTIFICATION] Companies ['MyCompanyAgent_D'] have accepted construction item electrics and plumbing at price: 3200.0
2024-05-20 20:44:29,175 - environment - INFO - [NOTIFICATION] Companies ['MyCompanyAgent_C', 'MyCompanyAgent_F'] have accepted construction item interior design at price: 4000.0
2024-05-20 20:44:29,175 - environment - INFO - [NOTIFICATION] The Auction Phase has finished.
2024-05-20 20:44:29,176 - environment - INFO - [NOTIFICATION] Construction item structural design assigned to MyCompanyAgent_B!
2024-05-20 20:44:29,177 - environment - INFO - [NOTIFICATION] Construction item structure building assigned to MyCompanyAgent_A!
2024-05-20 20:44:29,177 - environment - INFO - [NOTIFICATION] Construction item electrics and plumbing assigned to MyCompanyAgent_D!
2024-05-20 20:44:29,178 - environment - INFO - [NOTIFICATION] Construction item interior design assigned to MyCompanyAgent_F!
2024-05-20 20:46:25,286 - environment - INFO - [NOTIFICATION] Companies ['MyCompanyAgent_B', 'MyCompanyAgent_F'] have accepted construction item structural design at price: 4000.0
2024-05-20 20:46:25,287 - environment - INFO - [NOTIFICATION] Companies ['MyCompanyAgent_A', 'MyCompanyAgent_B', 'MyCompanyAgent_E'] have accepted construction item structure building at price: 8000.0
2024-05-20 20:46:25,287 - environment - INFO - [NOTIFICATION] Companies ['MyCompanyAgent_D'] have accepted construction item electrics and plumbing at price: 3200.0
2024-05-20 20:46:25,287 - environment - INFO - [NOTIFICATION] Companies ['MyCompanyAgent_C', 'MyCompanyAgent_F'] have accepted construction item interior design at price: 4000.0
2024-05-20 20:46:25,288 - environment - INFO - [NOTIFICATION] The Auction Phase has finished.
2024-05-20 20:46:25,288 - environment - INFO - [NOTIFICATION] Construction item structural design assigned to MyCompanyAgent_B!
2024-05-20 20:46:25,289 - environment - INFO - [NOTIFICATION] Construction item structure building assigned to MyCompanyAgent_A!
2024-05-20 20:46:25,289 - environment - INFO - [NOTIFICATION] Construction item electrics and plumbing assigned to MyCompanyAgent_D!
2024-05-20 20:46:25,289 - environment - INFO - [NOTIFICATION] Construction item interior design assigned to MyCompanyAgent_F!
2024-05-20 20:46:35,646 - environment - INFO - [NOTIFICATION] Companies ['MyCompanyAgent_B', 'MyCompanyAgent_F'] have accepted construction item structural design at price: 4000.0
2024-05-20 20:46:35,647 - environment - INFO - [NOTIFICATION] Companies ['MyCompanyAgent_A', 'MyCompanyAgent_B', 'MyCompanyAgent_E'] have accepted construction item structure building at price: 8000.0
2024-05-20 20:46:35,647 - environment - INFO - [NOTIFICATION] Companies ['MyCompanyAgent_D'] have accepted construction item electrics and plumbing at price: 3200.0
2024-05-20 20:46:35,647 - environment - INFO - [NOTIFICATION] Companies ['MyCompanyAgent_C', 'MyCompanyAgent_F'] have accepted construction item interior design at price: 4000.0
2024-05-20 20:46:35,648 - environment - INFO - [NOTIFICATION] The Auction Phase has finished.
2024-05-20 20:46:35,648 - environment - INFO - [NOTIFICATION] Construction item structural design assigned to MyCompanyAgent_B!
2024-05-20 20:46:35,649 - environment - INFO - [NOTIFICATION] Construction item structure building assigned to MyCompanyAgent_A!
2024-05-20 20:46:35,650 - environment - INFO - [NOTIFICATION] Construction item electrics and plumbing assigned to MyCompanyAgent_D!
2024-05-20 20:46:35,650 - environment - INFO - [NOTIFICATION] Construction item interior design assigned to MyCompanyAgent_F!
2024-05-20 20:47:23,357 - environment - INFO - [NOTIFICATION] Companies ['MyCompanyAgent_B', 'MyCompanyAgent_F'] have accepted construction item structural design at price: 4000.0
2024-05-20 20:47:23,358 - environment - INFO - [NOTIFICATION] Companies ['MyCompanyAgent_A', 'MyCompanyAgent_B', 'MyCompanyAgent_E'] have accepted construction item structure building at price: 8000.0
2024-05-20 20:47:23,358 - environment - INFO - [NOTIFICATION] Companies ['MyCompanyAgent_D'] have accepted construction item electrics and plumbing at price: 3200.0
2024-05-20 20:47:23,359 - environment - INFO - [NOTIFICATION] Companies ['MyCompanyAgent_C', 'MyCompanyAgent_F'] have accepted construction item interior design at price: 4000.0
2024-05-20 20:47:23,359 - environment - INFO - [NOTIFICATION] The Auction Phase has finished.
2024-05-20 20:47:23,360 - environment - INFO - [NOTIFICATION] Construction item structural design assigned to MyCompanyAgent_B!
2024-05-20 20:47:23,360 - environment - INFO - [NOTIFICATION] Construction item structure building assigned to MyCompanyAgent_A!
2024-05-20 20:47:23,361 - environment - INFO - [NOTIFICATION] Construction item electrics and plumbing assigned to MyCompanyAgent_D!
2024-05-20 20:47:23,361 - environment - INFO - [NOTIFICATION] Construction item interior design assigned to MyCompanyAgent_C!
2024-05-20 20:47:38,409 - environment - INFO - [NOTIFICATION] Companies ['MyCompanyAgent_B', 'MyCompanyAgent_F'] have accepted construction item structural design at price: 4000.0
2024-05-20 20:47:38,410 - environment - INFO - [NOTIFICATION] Companies ['MyCompanyAgent_A', 'MyCompanyAgent_B', 'MyCompanyAgent_E'] have accepted construction item structure building at price: 8000.0
2024-05-20 20:47:38,410 - environment - INFO - [NOTIFICATION] Companies ['MyCompanyAgent_D'] have accepted construction item electrics and plumbing at price: 3200.0
2024-05-20 20:47:38,411 - environment - INFO - [NOTIFICATION] Companies ['MyCompanyAgent_C', 'MyCompanyAgent_F'] have accepted construction item interior design at price: 4000.0
2024-05-20 20:47:38,411 - environment - INFO - [NOTIFICATION] The Auction Phase has finished.
2024-05-20 20:47:38,412 - environment - INFO - [NOTIFICATION] Construction item structural design assigned to MyCompanyAgent_B!
2024-05-20 20:47:38,413 - environment - INFO - [NOTIFICATION] Construction item structure building assigned to MyCompanyAgent_A!
2024-05-20 20:47:38,413 - environment - INFO - [NOTIFICATION] Construction item electrics and plumbing assigned to MyCompanyAgent_D!
2024-05-20 20:47:38,414 - environment - INFO - [NOTIFICATION] Construction item interior design assigned to MyCompanyAgent_C!
2024-05-20 20:49:48,765 - environment - INFO - [NOTIFICATION] Companies ['MyCompanyAgent_B', 'MyCompanyAgent_F'] have accepted construction item structural design at price: 4000.0
2024-05-20 20:49:48,766 - environment - INFO - [NOTIFICATION] Companies ['MyCompanyAgent_A', 'MyCompanyAgent_B', 'MyCompanyAgent_E'] have accepted construction item structure building at price: 8000.0
2024-05-20 20:49:48,766 - environment - INFO - [NOTIFICATION] Companies ['MyCompanyAgent_D'] have accepted construction item electrics and plumbing at price: 3200.0
2024-05-20 20:49:48,767 - environment - INFO - [NOTIFICATION] Companies ['MyCompanyAgent_C', 'MyCompanyAgent_F'] have accepted construction item interior design at price: 4000.0
2024-05-20 20:49:48,767 - environment - INFO - [NOTIFICATION] The Auction Phase has finished.
2024-05-20 20:49:48,767 - environment - INFO - [NOTIFICATION] Construction item structural design assigned to MyCompanyAgent_B!
2024-05-20 20:49:48,768 - environment - INFO - [NOTIFICATION] Construction item structure building assigned to MyCompanyAgent_A!
2024-05-20 20:49:48,768 - environment - INFO - [NOTIFICATION] Construction item electrics and plumbing assigned to MyCompanyAgent_D!
2024-05-20 20:49:48,769 - environment - INFO - [NOTIFICATION] Construction item interior design assigned to MyCompanyAgent_C!
2024-05-20 20:51:23,587 - environment - INFO - [NOTIFICATION] Companies ['MyCompanyAgent_B', 'MyCompanyAgent_F'] have accepted construction item structural design at price: 4000.0
2024-05-20 20:51:23,587 - environment - INFO - [NOTIFICATION] Companies ['MyCompanyAgent_A', 'MyCompanyAgent_B', 'MyCompanyAgent_E'] have accepted construction item structure building at price: 8000.0
2024-05-20 20:51:23,588 - environment - INFO - [NOTIFICATION] Companies ['MyCompanyAgent_D'] have accepted construction item electrics and plumbing at price: 3200.0
2024-05-20 20:51:23,588 - environment - INFO - [NOTIFICATION] Companies ['MyCompanyAgent_C', 'MyCompanyAgent_F'] have accepted construction item interior design at price: 4000.0
2024-05-20 20:51:23,588 - environment - INFO - [NOTIFICATION] The Auction Phase has finished.
2024-05-20 20:51:23,589 - environment - INFO - [NOTIFICATION] Construction item structural design assigned to MyCompanyAgent_B!
2024-05-20 20:51:23,589 - environment - INFO - [NOTIFICATION] Construction item structure building assigned to MyCompanyAgent_A!
2024-05-20 20:51:23,589 - environment - INFO - [NOTIFICATION] Construction item electrics and plumbing assigned to MyCompanyAgent_D!
2024-05-20 20:51:23,590 - environment - INFO - [NOTIFICATION] Construction item interior design assigned to MyCompanyAgent_C!
2024-05-20 20:51:45,593 - environment - INFO - [NOTIFICATION] Companies ['MyCompanyAgent_B', 'MyCompanyAgent_F'] have accepted construction item structural design at price: 4000.0
2024-05-20 20:51:45,598 - environment - INFO - [NOTIFICATION] Companies ['MyCompanyAgent_A', 'MyCompanyAgent_B', 'MyCompanyAgent_E'] have accepted construction item structure building at price: 8000.0
2024-05-20 20:51:45,599 - environment - INFO - [NOTIFICATION] Companies ['MyCompanyAgent_D'] have accepted construction item electrics and plumbing at price: 3200.0
2024-05-20 20:51:45,600 - environment - INFO - [NOTIFICATION] Companies ['MyCompanyAgent_C', 'MyCompanyAgent_F'] have accepted construction item interior design at price: 4000.0
2024-05-20 20:51:45,600 - environment - INFO - [NOTIFICATION] The Auction Phase has finished.
2024-05-20 20:51:45,601 - environment - INFO - [NOTIFICATION] Construction item structural design assigned to MyCompanyAgent_B!
2024-05-20 20:51:45,602 - environment - INFO - [NOTIFICATION] Construction item structure building assigned to MyCompanyAgent_A!
2024-05-20 20:51:45,603 - environment - INFO - [NOTIFICATION] Construction item electrics and plumbing assigned to MyCompanyAgent_D!
2024-05-20 20:51:45,603 - environment - INFO - [NOTIFICATION] Construction item interior design assigned to MyCompanyAgent_C!
2024-05-20 20:55:54,614 - environment - INFO - [NOTIFICATION] Companies ['MyCompanyAgent_B', 'MyCompanyAgent_F'] have accepted construction item structural design at price: 4000.0
2024-05-20 20:55:54,614 - environment - INFO - [NOTIFICATION] Companies ['MyCompanyAgent_A', 'MyCompanyAgent_B', 'MyCompanyAgent_E'] have accepted construction item structure building at price: 8000.0
2024-05-20 20:55:54,614 - environment - INFO - [NOTIFICATION] Companies ['MyCompanyAgent_D'] have accepted construction item electrics and plumbing at price: 3200.0
2024-05-20 20:55:54,615 - environment - INFO - [NOTIFICATION] Companies ['MyCompanyAgent_C', 'MyCompanyAgent_F'] have accepted construction item interior design at price: 4000.0
2024-05-20 20:55:54,615 - environment - INFO - [NOTIFICATION] The Auction Phase has finished.
2024-05-20 20:55:54,615 - environment - INFO - [NOTIFICATION] Construction item structural design assigned to MyCompanyAgent_B!
2024-05-20 20:55:54,616 - environment - INFO - [NOTIFICATION] Construction item structure building assigned to MyCompanyAgent_A!
2024-05-20 20:55:54,616 - environment - INFO - [NOTIFICATION] Construction item electrics and plumbing assigned to MyCompanyAgent_D!
2024-05-20 20:55:54,617 - environment - INFO - [NOTIFICATION] Construction item interior design assigned to MyCompanyAgent_C!
2024-05-20 20:57:31,718 - environment - INFO - [NOTIFICATION] Companies ['MyCompanyAgent_B', 'MyCompanyAgent_F'] have accepted construction item structural design at price: 4000.0
2024-05-20 20:57:31,718 - environment - INFO - [NOTIFICATION] Companies ['MyCompanyAgent_A', 'MyCompanyAgent_B', 'MyCompanyAgent_E'] have accepted construction item structure building at price: 8000.0
2024-05-20 20:57:31,719 - environment - INFO - [NOTIFICATION] Companies ['MyCompanyAgent_D'] have accepted construction item electrics and plumbing at price: 3200.0
2024-05-20 20:57:31,719 - environment - INFO - [NOTIFICATION] Companies ['MyCompanyAgent_C', 'MyCompanyAgent_F'] have accepted construction item interior design at price: 4000.0
2024-05-20 20:57:31,719 - environment - INFO - [NOTIFICATION] The Auction Phase has finished.
2024-05-20 20:57:31,720 - environment - INFO - [NOTIFICATION] Construction item structural design assigned to MyCompanyAgent_B!
2024-05-20 20:57:31,721 - environment - INFO - [NOTIFICATION] Construction item structure building assigned to MyCompanyAgent_A!
2024-05-20 20:57:31,721 - environment - INFO - [NOTIFICATION] Construction item electrics and plumbing assigned to MyCompanyAgent_D!
2024-05-20 20:57:31,722 - environment - INFO - [NOTIFICATION] Construction item interior design assigned to MyCompanyAgent_C!
2024-05-20 20:59:15,318 - environment - INFO - [NOTIFICATION] Companies ['MyCompanyAgent_B', 'MyCompanyAgent_F'] have accepted construction item structural design at price: 4000.0
2024-05-20 20:59:15,318 - environment - INFO - [NOTIFICATION] Companies ['MyCompanyAgent_A', 'MyCompanyAgent_B', 'MyCompanyAgent_E'] have accepted construction item structure building at price: 8000.0
2024-05-20 20:59:15,318 - environment - INFO - [NOTIFICATION] Companies ['MyCompanyAgent_D'] have accepted construction item electrics and plumbing at price: 3200.0
2024-05-20 20:59:15,318 - environment - INFO - [NOTIFICATION] Companies ['MyCompanyAgent_C', 'MyCompanyAgent_F'] have accepted construction item interior design at price: 4000.0
2024-05-20 20:59:15,319 - environment - INFO - [NOTIFICATION] The Auction Phase has finished.
2024-05-20 20:59:15,319 - environment - INFO - [NOTIFICATION] Construction item structural design assigned to MyCompanyAgent_B!
2024-05-20 20:59:15,320 - environment - INFO - [NOTIFICATION] Construction item structure building assigned to MyCompanyAgent_A!
2024-05-20 20:59:15,320 - environment - INFO - [NOTIFICATION] Construction item electrics and plumbing assigned to MyCompanyAgent_D!
2024-05-20 20:59:15,320 - environment - INFO - [NOTIFICATION] Construction item interior design assigned to MyCompanyAgent_C!
2024-05-20 21:03:46,384 - environment - INFO - [NOTIFICATION] Companies ['MyCompanyAgent_B', 'MyCompanyAgent_F'] have accepted construction item structural design at price: 4000.0
2024-05-20 21:03:46,385 - environment - INFO - [NOTIFICATION] Companies ['MyCompanyAgent_A', 'MyCompanyAgent_B', 'MyCompanyAgent_E'] have accepted construction item structure building at price: 8000.0
2024-05-20 21:03:46,385 - environment - INFO - [NOTIFICATION] Companies ['MyCompanyAgent_D'] have accepted construction item electrics and plumbing at price: 3200.0
2024-05-20 21:03:46,385 - environment - INFO - [NOTIFICATION] Companies ['MyCompanyAgent_C', 'MyCompanyAgent_F'] have accepted construction item interior design at price: 4000.0
2024-05-20 21:03:46,385 - environment - INFO - [NOTIFICATION] The Auction Phase has finished.
2024-05-20 21:03:46,386 - environment - INFO - [NOTIFICATION] Construction item structural design assigned to MyCompanyAgent_B!
2024-05-20 21:03:46,386 - environment - INFO - [NOTIFICATION] Construction item structure building assigned to MyCompanyAgent_A!
2024-05-20 21:03:46,386 - environment - INFO - [NOTIFICATION] Construction item electrics and plumbing assigned to MyCompanyAgent_D!
2024-05-20 21:03:46,387 - environment - INFO - [NOTIFICATION] Construction item interior design assigned to MyCompanyAgent_C!
2024-05-20 21:05:31,543 - environment - INFO - [NOTIFICATION] Companies ['MyCompanyAgent_B', 'MyCompanyAgent_F'] have accepted construction item structural design at price: 4000.0
2024-05-20 21:05:31,543 - environment - INFO - [NOTIFICATION] Companies ['MyCompanyAgent_A', 'MyCompanyAgent_B', 'MyCompanyAgent_E'] have accepted construction item structure building at price: 8000.0
2024-05-20 21:05:31,544 - environment - INFO - [NOTIFICATION] Companies ['MyCompanyAgent_D'] have accepted construction item electrics and plumbing at price: 3200.0
2024-05-20 21:05:31,544 - environment - INFO - [NOTIFICATION] Companies ['MyCompanyAgent_C', 'MyCompanyAgent_F'] have accepted construction item interior design at price: 4000.0
2024-05-20 21:05:31,544 - environment - INFO - [NOTIFICATION] The Auction Phase has finished.
2024-05-20 21:05:31,545 - environment - INFO - [NOTIFICATION] Construction item structural design assigned to MyCompanyAgent_B!
2024-05-20 21:05:31,546 - environment - INFO - [NOTIFICATION] Construction item structure building assigned to MyCompanyAgent_A!
2024-05-20 21:05:31,546 - environment - INFO - [NOTIFICATION] Construction item electrics and plumbing assigned to MyCompanyAgent_D!
2024-05-20 21:05:31,547 - environment - INFO - [NOTIFICATION] Construction item interior design assigned to MyCompanyAgent_C!
2024-05-20 21:06:16,705 - environment - INFO - [NOTIFICATION] Companies ['MyCompanyAgent_B'] have accepted construction item structural design at price: 4000.0
2024-05-20 21:06:16,706 - environment - INFO - [NOTIFICATION] Companies ['MyCompanyAgent_E'] have accepted construction item structure building at price: 8000.0
2024-05-20 21:06:16,706 - environment - INFO - [NOTIFICATION] Companies ['MyCompanyAgent_E'] have accepted construction item electrics and plumbing at price: 3200.0
2024-05-20 21:06:16,706 - environment - INFO - [NOTIFICATION] Companies ['MyCompanyAgent_F'] have accepted construction item interior design at price: 4500.0
2024-05-20 21:06:16,706 - environment - INFO - [NOTIFICATION] The Auction Phase has finished.
2024-05-20 21:06:16,707 - environment - INFO - [NOTIFICATION] Construction item structural design assigned to MyCompanyAgent_B!
2024-05-20 21:06:16,707 - environment - INFO - [NOTIFICATION] Construction item structure building assigned to MyCompanyAgent_E!
2024-05-20 21:06:16,707 - environment - INFO - [NOTIFICATION] Construction item electrics and plumbing assigned to MyCompanyAgent_E!
2024-05-20 21:06:16,707 - environment - INFO - [NOTIFICATION] Construction item interior design assigned to MyCompanyAgent_F!
2024-05-20 21:17:33,105 - environment - INFO - [NOTIFICATION] Companies ['MyCompanyAgent_B'] have accepted construction item structural design at price: 4000.0
2024-05-20 21:17:33,106 - environment - INFO - [NOTIFICATION] Companies ['MyCompanyAgent_E'] have accepted construction item structure building at price: 8000.0
2024-05-20 21:17:33,106 - environment - INFO - [NOTIFICATION] Companies ['MyCompanyAgent_E'] have accepted construction item electrics and plumbing at price: 3200.0
2024-05-20 21:17:33,107 - environment - INFO - [NOTIFICATION] Companies ['MyCompanyAgent_F'] have accepted construction item interior design at price: 4500.0
2024-05-20 21:17:33,107 - environment - INFO - [NOTIFICATION] The Auction Phase has finished.
2024-05-20 21:17:33,107 - environment - INFO - [NOTIFICATION] Construction item structural design assigned to MyCompanyAgent_B!
2024-05-20 21:17:33,107 - environment - INFO - [NOTIFICATION] Construction item structure building assigned to MyCompanyAgent_E!
2024-05-20 21:17:33,108 - environment - INFO - [NOTIFICATION] Construction item electrics and plumbing assigned to MyCompanyAgent_E!
2024-05-20 21:17:33,108 - environment - INFO - [NOTIFICATION] Construction item interior design assigned to MyCompanyAgent_F!
2024-05-22 14:46:59,233 - environment - INFO - [NOTIFICATION] Companies ['MyCompanyAgent_B', 'MyCompanyAgent_F'] have accepted construction item structural design at price: 4000.0
2024-05-22 14:46:59,234 - environment - INFO - [NOTIFICATION] Companies ['MyCompanyAgent_A', 'MyCompanyAgent_B', 'MyCompanyAgent_E'] have accepted construction item structure building at price: 8000.0
2024-05-22 14:46:59,234 - environment - INFO - [NOTIFICATION] Companies ['MyCompanyAgent_D'] have accepted construction item electrics and plumbing at price: 3200.0
2024-05-22 14:46:59,235 - environment - INFO - [NOTIFICATION] Companies ['MyCompanyAgent_C', 'MyCompanyAgent_F'] have accepted construction item interior design at price: 4000.0
2024-05-22 14:46:59,235 - environment - INFO - [NOTIFICATION] The Auction Phase has finished.
2024-05-22 14:46:59,236 - environment - INFO - [NOTIFICATION] Construction item structural design assigned to MyCompanyAgent_B!
2024-05-22 14:46:59,237 - environment - INFO - [NOTIFICATION] Construction item structure building assigned to MyCompanyAgent_A!
2024-05-22 14:46:59,237 - environment - INFO - [NOTIFICATION] Construction item electrics and plumbing assigned to MyCompanyAgent_D!
2024-05-22 14:46:59,239 - environment - INFO - [NOTIFICATION] Construction item interior design assigned to MyCompanyAgent_C!
2024-05-22 17:19:55,142 - environment - INFO - [NOTIFICATION] Companies ['MyCompanyAgent_B', 'MyCompanyAgent_F'] have accepted construction item structural design at price: 4000.0
2024-05-22 17:19:55,143 - environment - INFO - [NOTIFICATION] Companies ['MyCompanyAgent_A'] have accepted construction item structure building at price: 6000.0
2024-05-22 17:19:55,143 - environment - INFO - [NOTIFICATION] Companies ['MyCompanyAgent_D'] have accepted construction item electrics and plumbing at price: 3200.0
2024-05-22 17:19:55,143 - environment - INFO - [NOTIFICATION] Companies ['MyCompanyAgent_C', 'MyCompanyAgent_F'] have accepted construction item interior design at price: 4000.0
2024-05-22 17:19:55,143 - environment - INFO - [NOTIFICATION] The Auction Phase has finished.
2024-05-22 17:19:55,144 - environment - INFO - [NOTIFICATION] Construction item structural design assigned to MyCompanyAgent_B!
2024-05-22 17:19:55,144 - environment - INFO - [NOTIFICATION] Construction item structure building assigned to MyCompanyAgent_A!
2024-05-22 17:19:55,144 - environment - INFO - [NOTIFICATION] Construction item electrics and plumbing assigned to MyCompanyAgent_D!
2024-05-22 17:19:55,144 - environment - INFO - [NOTIFICATION] Construction item interior design assigned to MyCompanyAgent_C!
2024-05-22 17:33:07,163 - environment - INFO - [NOTIFICATION] Companies ['MyCompanyAgent_A', 'MyCompanyAgent_B', 'MyCompanyAgent_F'] have accepted construction item structural design at price: 3000.0
2024-05-22 17:33:07,164 - environment - INFO - [NOTIFICATION] Companies ['MyCompanyAgent_A', 'MyCompanyAgent_B', 'MyCompanyAgent_C', 'MyCompanyAgent_E'] have accepted construction item structure building at price: 6000.0
2024-05-22 17:33:07,164 - environment - INFO - [NOTIFICATION] Companies ['MyCompanyAgent_D', 'MyCompanyAgent_E'] have accepted construction item electrics and plumbing at price: 2400.0
2024-05-22 17:33:07,164 - environment - INFO - [NOTIFICATION] Companies ['MyCompanyAgent_C', 'MyCompanyAgent_F'] have accepted construction item interior design at price: 3000.0
2024-05-22 17:33:07,164 - environment - INFO - [NOTIFICATION] The Auction Phase has finished.
2024-05-22 17:33:07,164 - environment - INFO - [NOTIFICATION] Construction item structural design assigned to MyCompanyAgent_B!
2024-05-22 17:33:07,165 - environment - INFO - [NOTIFICATION] Construction item structure building assigned to MyCompanyAgent_A!
2024-05-22 17:33:07,165 - environment - INFO - [NOTIFICATION] Construction item electrics and plumbing assigned to MyCompanyAgent_D!
2024-05-22 17:33:07,165 - environment - INFO - [NOTIFICATION] Construction item interior design assigned to MyCompanyAgent_C!
2024-05-22 17:34:19,185 - environment - INFO - [NOTIFICATION] Companies ['MyCompanyAgent_B', 'MyCompanyAgent_F'] have accepted construction item structural design at price: 3000.0
2024-05-22 17:34:19,185 - environment - INFO - [NOTIFICATION] Companies ['MyCompanyAgent_A', 'MyCompanyAgent_B', 'MyCompanyAgent_E'] have accepted construction item structure building at price: 6000.0
2024-05-22 17:34:19,185 - environment - INFO - [NOTIFICATION] Companies ['MyCompanyAgent_D'] have accepted construction item electrics and plumbing at price: 2400.0
2024-05-22 17:34:19,186 - environment - INFO - [NOTIFICATION] Companies ['MyCompanyAgent_C', 'MyCompanyAgent_F'] have accepted construction item interior design at price: 3000.0
2024-05-22 17:34:19,186 - environment - INFO - [NOTIFICATION] The Auction Phase has finished.
2024-05-22 17:34:19,186 - environment - INFO - [NOTIFICATION] Construction item structural design assigned to MyCompanyAgent_B!
2024-05-22 17:34:19,186 - environment - INFO - [NOTIFICATION] Construction item structure building assigned to MyCompanyAgent_A!
2024-05-22 17:34:19,186 - environment - INFO - [NOTIFICATION] Construction item electrics and plumbing assigned to MyCompanyAgent_D!
2024-05-22 17:34:19,187 - environment - INFO - [NOTIFICATION] Construction item interior design assigned to MyCompanyAgent_C!
2024-05-22 17:41:19,413 - environment - INFO - [NOTIFICATION] Companies ['MyCompanyAgent_B', 'MyCompanyAgent_F'] have accepted construction item structural design at price: 3000.0
2024-05-22 17:41:19,414 - environment - INFO - [NOTIFICATION] Companies ['MyCompanyAgent_A', 'MyCompanyAgent_B', 'MyCompanyAgent_E'] have accepted construction item structure building at price: 6000.0
2024-05-22 17:41:19,414 - environment - INFO - [NOTIFICATION] Companies ['MyCompanyAgent_D'] have accepted construction item electrics and plumbing at price: 2400.0
2024-05-22 17:41:19,414 - environment - INFO - [NOTIFICATION] Companies ['MyCompanyAgent_C', 'MyCompanyAgent_F'] have accepted construction item interior design at price: 3000.0
2024-05-22 17:41:19,414 - environment - INFO - [NOTIFICATION] The Auction Phase has finished.
2024-05-22 17:41:19,414 - environment - INFO - [NOTIFICATION] Construction item structural design assigned to MyCompanyAgent_B!
2024-05-22 17:41:19,415 - environment - INFO - [NOTIFICATION] Construction item structure building assigned to MyCompanyAgent_A!
2024-05-22 17:41:19,415 - environment - INFO - [NOTIFICATION] Construction item electrics and plumbing assigned to MyCompanyAgent_D!
2024-05-22 17:41:19,415 - environment - INFO - [NOTIFICATION] Construction item interior design assigned to MyCompanyAgent_C!
2024-05-22 17:41:40,068 - environment - INFO - [NOTIFICATION] Companies ['MyCompanyAgent_B', 'MyCompanyAgent_F'] have accepted construction item structural design at price: 3000.0
2024-05-22 17:41:40,068 - environment - INFO - [NOTIFICATION] Companies ['MyCompanyAgent_A', 'MyCompanyAgent_B', 'MyCompanyAgent_E'] have accepted construction item structure building at price: 6000.0
2024-05-22 17:41:40,069 - environment - INFO - [NOTIFICATION] Companies ['MyCompanyAgent_D'] have accepted construction item electrics and plumbing at price: 2400.0
2024-05-22 17:41:40,069 - environment - INFO - [NOTIFICATION] Companies ['MyCompanyAgent_C', 'MyCompanyAgent_F'] have accepted construction item interior design at price: 3000.0
2024-05-22 17:41:40,069 - environment - INFO - [NOTIFICATION] The Auction Phase has finished.
2024-05-22 17:41:40,069 - environment - INFO - [NOTIFICATION] Construction item structural design assigned to MyCompanyAgent_B!
2024-05-22 17:41:40,069 - environment - INFO - [NOTIFICATION] Construction item structure building assigned to MyCompanyAgent_A!
2024-05-22 17:41:40,070 - environment - INFO - [NOTIFICATION] Construction item electrics and plumbing assigned to MyCompanyAgent_D!
2024-05-22 17:41:40,070 - environment - INFO - [NOTIFICATION] Construction item interior design assigned to MyCompanyAgent_C!
2024-05-22 17:43:35,455 - environment - INFO - [NOTIFICATION] Companies ['MyCompanyAgent_B', 'MyCompanyAgent_F'] have accepted construction item structural design at price: 4000.0
2024-05-22 17:43:35,455 - environment - INFO - [NOTIFICATION] Companies ['MyCompanyAgent_A'] have accepted construction item structure building at price: 6000.0
2024-05-22 17:43:35,456 - environment - INFO - [NOTIFICATION] Companies ['MyCompanyAgent_D'] have accepted construction item electrics and plumbing at price: 2400.0
2024-05-22 17:43:35,456 - environment - INFO - [NOTIFICATION] Companies ['MyCompanyAgent_C'] have accepted construction item interior design at price: 3000.0
2024-05-22 17:43:35,456 - environment - INFO - [NOTIFICATION] The Auction Phase has finished.
2024-05-22 17:43:35,456 - environment - INFO - [NOTIFICATION] Construction item structural design assigned to MyCompanyAgent_B!
2024-05-22 17:43:35,456 - environment - INFO - [NOTIFICATION] Construction item structure building assigned to MyCompanyAgent_A!
2024-05-22 17:43:35,457 - environment - INFO - [NOTIFICATION] Construction item electrics and plumbing assigned to MyCompanyAgent_D!
2024-05-22 17:43:35,457 - environment - INFO - [NOTIFICATION] Construction item interior design assigned to MyCompanyAgent_C!
2024-05-22 17:58:51,737 - environment - INFO - [NOTIFICATION] Companies ['MyCompanyAgent_B', 'MyCompanyAgent_F'] have accepted construction item structural design at price: 4000.0
2024-05-22 17:58:51,737 - environment - INFO - [NOTIFICATION] Companies ['MyCompanyAgent_A'] have accepted construction item structure building at price: 6000.0
2024-05-22 17:58:51,738 - environment - INFO - [NOTIFICATION] Companies ['MyCompanyAgent_D'] have accepted construction item electrics and plumbing at price: 2400.0
2024-05-22 17:58:51,738 - environment - INFO - [NOTIFICATION] Companies ['MyCompanyAgent_C'] have accepted construction item interior design at price: 3000.0
2024-05-22 17:58:51,738 - environment - INFO - [NOTIFICATION] The Auction Phase has finished.
2024-05-22 17:58:51,738 - environment - INFO - [NOTIFICATION] Construction item structural design assigned to MyCompanyAgent_B!
2024-05-22 17:58:51,738 - environment - INFO - [NOTIFICATION] Construction item structure building assigned to MyCompanyAgent_A!
2024-05-22 17:58:51,739 - environment - INFO - [NOTIFICATION] Construction item electrics and plumbing assigned to MyCompanyAgent_D!
2024-05-22 17:58:51,739 - environment - INFO - [NOTIFICATION] Construction item interior design assigned to MyCompanyAgent_C!
2024-05-22 18:07:01,912 - environment - INFO - [NOTIFICATION] Companies ['MyCompanyAgent_B', 'MyCompanyAgent_F'] have accepted construction item structural design at price: 4000.0
2024-05-22 18:07:01,913 - environment - INFO - [NOTIFICATION] Companies ['MyCompanyAgent_A'] have accepted construction item structure building at price: 6000.0
2024-05-22 18:07:01,913 - environment - INFO - [NOTIFICATION] Companies ['MyCompanyAgent_D'] have accepted construction item electrics and plumbing at price: 2400.0
2024-05-22 18:07:01,913 - environment - INFO - [NOTIFICATION] Companies ['MyCompanyAgent_C'] have accepted construction item interior design at price: 3000.0
2024-05-22 18:07:01,913 - environment - INFO - [NOTIFICATION] The Auction Phase has finished.
2024-05-22 18:07:01,913 - environment - INFO - [NOTIFICATION] Construction item structural design assigned to MyCompanyAgent_B!
2024-05-22 18:07:01,914 - environment - INFO - [NOTIFICATION] Construction item structure building assigned to MyCompanyAgent_A!
2024-05-22 18:07:01,914 - environment - INFO - [NOTIFICATION] Construction item electrics and plumbing assigned to MyCompanyAgent_D!
2024-05-22 18:07:01,914 - environment - INFO - [NOTIFICATION] Construction item interior design assigned to MyCompanyAgent_C!
